-------------------------------------------------------------------------------
Test set: Calculator
-------------------------------------------------------------------------------
Tests run: 2, Failures: 1, Errors: 0, Skipped: 0, Time elapsed: 0.108 s <<< FAILURE! - in Calculator
Calculator.Subtraction  Time elapsed: 0.011 s  <<< FAILURE!
org.junit.ComparisonFailure: expected:<[3]> but was:<[2]>

