<?xml version="1.0" encoding="UTF-8"?>
<testsuite xmlns:xsi="http://www.w3.org/2001/XMLSchema-instance" xsi:noNamespaceSchemaLocation="https://maven.apache.org/surefire/maven-surefire-plugin/xsd/surefire-test-report-3.0.xsd" version="3.0" name="Calculator" time="0.096" tests="2" errors="0" skipped="0" failures="0">
  <properties>
[...]
</properties>
  <testcase name="Addition" classname="Calculator" time="0.091">
    <system-out><![CDATA[
Scenario: Addition                &amp#27;[90m# src/test/resources/features/SearchFunctionality.feature:3&amp#27;[0m
  &amp#27;[32mGiven &amp#27;[0m&amp#27;[32mthe calculator is started&amp#27;[0m &amp#27;[90m# stepdefinitions.SearchSteps.the_calculator_is_started()&amp#27;[0m
  &amp#27;[32mWhen &amp#27;[0m&amp#27;[32mthe user enters &amp#27;[0m&amp#27;[32m&amp#27;[1m"2 + 3"&amp#27;[0m    &amp#27;[90m# stepdefinitions.SearchSteps.the_user_enters(java.lang.String)&amp#27;[0m
  &amp#27;[32mThen &amp#27;[0m&amp#27;[32mthe result should be &amp#27;[0m&amp#27;[32m&amp#27;[1m"5"&amp#27;[0m   &amp#27;[90m# stepdefinitions.SearchSteps.the_result_should_be(java.lang.String)&amp#27;[0m
]]></system-out>
  </testcase>
  <testcase name="Subtraction" classname="Calculator" time="0.005">
    <system-out><![CDATA[
Scenario: Subtraction             &amp#27;[90m# src/test/resources/features/SearchFunctionality.feature:8&amp#27;[0m
  &amp#27;[32mGiven &amp#27;[0m&amp#27;[32mthe calculator is started&amp#27;[0m &amp#27;[90m# stepdefinitions.SearchSteps.the_calculator_is_started()&amp#27;[0m
  &amp#27;[32mWhen &amp#27;[0m&amp#27;[32mthe user enters &amp#27;[0m&amp#27;[32m&amp#27;[1m"5 - 2"&amp#27;[0m    &amp#27;[90m# stepdefinitions.SearchSteps.the_user_enters(java.lang.String)&amp#27;[0m
  &amp#27;[32mThen &amp#27;[0m&amp#27;[32mthe result should be &amp#27;[0m&amp#27;[32m&amp#27;[1m"3"&amp#27;[0m   &amp#27;[90m# stepdefinitions.SearchSteps.the_result_should_be(java.lang.String)&amp#27;[0m
]]></system-out>
  </testcase>
</testsuite>